<?xml version="1.0" encoding="UTF-8"?>
<!-- Generated by org.testng.reporters.JUnitXMLReporter -->
<testsuite hostname="Satheesh" name="Test" tests="2" failures="1" timestamp="23 Dec 2017 06:04:52 GMT" time="265.256" errors="0">
  <testcase name="createLead" time="10.425" classname="pagetests.CreateLead">
    <failure type="java.lang.RuntimeException" message="FAILED">
      <![CDATA[java.lang.RuntimeException: FAILED
	at utils.Reporter.reportStep(Reporter.java:36)
	at wdMethods.SeMethods.click(SeMethods.java:103)
	at pages.MyHomePage.clickLeadTab(MyHomePage.java:25)
	at pagetests.CreateLead.createLead(CreateLead.java:27)
... Removed 24 stack frames]]>
    </failure>
  </testcase> <!-- createLead -->
  <testcase name="createLead" time="15.184" classname="pagetests.CreateLead"/>
</testsuite> <!-- Test -->
