<?xml version="1.0" encoding="UTF-8"?>
<!-- Generated by org.testng.reporters.JUnitXMLReporter -->
<testsuite hostname="compaq-PC" ignored="0" name="Test" tests="1" failures="1" timestamp="23 Dec 2017 06:04:23 GMT" time="76.972" errors="0">
  <testcase name="mergeLead" time="41.076" classname="pagetests.MergeLead">
    <failure type="java.lang.RuntimeException" message="FAILED">
      <![CDATA[java.lang.RuntimeException: FAILED
	at utils.Reporter.reportStep(Reporter.java:34)
	at wdMethods.SeMethods.click(SeMethods.java:110)
	at pages.MyHomePage.clickLeadTab(MyHomePage.java:25)
	at pagetests.MergeLead.mergeLead(MergeLead.java:24)
... Removed 25 stack frames]]>
    </failure>
  </testcase> <!-- mergeLead -->
</testsuite> <!-- Test -->
